

Microchip Technology PIC LITE Macro Assembler V1.43 build -156212558 
                                                                                               Mon Aug 28 10:23:01 2017

Microchip Technology Omniscient Code Generator v1.43 (Free mode) build 201707250354
     1                           	processor	16C54
     2                           	opt	pw 120
     3                           	opt	lm
     4                           	psect	cinit,global,class=ENTRY,merge=1,delta=2
     5                           	psect	cstackCOMMON,global,class=COMMON,space=1,delta=1
     6                           	psect	cstackBANK0,global,class=BANK0,space=1,delta=1
     7                           	psect	maintext,global,class=CODE,split=1,delta=2
     8                           	psect	text1,local,class=CODE,merge=1,delta=2
     9                           	psect	jmp_tab,global,class=ENTRY,delta=2
    10                           	psect	text2,local,class=CODE,merge=1,delta=2
    11                           	psect	text3,local,class=CODE,merge=1,delta=2
    12                           	dabs	1,0x1C,4
    13  0000                     
    14                           ; Version 1.43
    15                           ; Generated 25/07/2017 GMT
    16                           ; 
    17                           ; Copyright © 2017, Microchip Technology Inc. and its subsidiaries ("Microchip")
    18                           ; All rights reserved.
    19                           ; 
    20                           ; This software is developed by Microchip Technology Inc. and its subsidiaries ("Microch
      +                          ip").
    21                           ; 
    22                           ; Redistribution and use in source and binary forms, with or without modification, are
    23                           ; permitted provided that the following conditions are met:
    24                           ; 
    25                           ;     1. Redistributions of source code must retain the above copyright notice, this lis
      +                          t of
    26                           ;        conditions and the following disclaimer.
    27                           ; 
    28                           ;     2. Redistributions in binary form must reproduce the above copyright notice, this 
      +                          list
    29                           ;        of conditions and the following disclaimer in the documentation and/or other
    30                           ;        materials provided with the distribution.
    31                           ; 
    32                           ;     3. Microchip's name may not be used to endorse or promote products derived from th
      +                          is
    33                           ;        software without specific prior written permission.
    34                           ; 
    35                           ; THIS SOFTWARE IS PROVIDED BY MICROCHIP "AS IS" AND ANY EXPRESS OR IMPLIED WARRANTIES,
    36                           ; INCLUDING, BUT NOT LIMITED TO, THE IMPLIED WARRANTIES OF MERCHANTABILITY AND FITNESS F
      +                          OR
    37                           ; PURPOSE ARE DISCLAIMED.  IN NO EVENT SHALL MICROCHIP BE LIABLE FOR ANY DIRECT, INDIREC
      +                          T,
    38                           ; INCIDENTAL, SPECIAL, EXEMPLARY, OR CONSEQUENTIAL DAMAGES (INCLUDING BUT NOT LIMITED TO
    39                           ; PROCUREMENT OF SUBSTITUTE GOODS OR SERVICES; LOSS OF USE, DATA OR PROFITS; OR BUSINESS
    40                           ; INTERRUPTION) HOWSOEVER CAUSED AND ON ANY THEORY OF LIABILITY, WHETHER IN CONTRACT, ST
      +                          RICT
    41                           ; LIABILITY, OR TORT (INCLUDING NEGLIGENCE OR OTHERWISE) ARISING IN ANY WAY OUT OF THE U
      +                          SE OF
    42                           ; THIS SOFTWARE, EVEN IF ADVISED OF THE POSSIBILITY OF SUCH DAMAGE.
    43                           ; 
    44                           ; 
    45                           ; Code-generator required, PIC16C54 Definitions
    46                           ; 
    47                           ; SFR Addresses
    48  0000                     	;# 
    49  0001                     	;# 
    50  0002                     	;# 
    51  0003                     	;# 
    52  0004                     	;# 
    53  0005                     	;# 
    54  0006                     	;# 
    55  0000                     	;# 
    56  0001                     	;# 
    57  0002                     	;# 
    58  0003                     	;# 
    59  0004                     	;# 
    60  0005                     	;# 
    61  0006                     	;# 
    62  0000                     	;# 
    63  0001                     	;# 
    64  0002                     	;# 
    65  0003                     	;# 
    66  0004                     	;# 
    67  0005                     	;# 
    68  0006                     	;# 
    69  0000                     	;# 
    70  0001                     	;# 
    71  0002                     	;# 
    72  0003                     	;# 
    73  0004                     	;# 
    74  0005                     	;# 
    75  0006                     	;# 
    76  0000                     	;# 
    77  0001                     	;# 
    78  0002                     	;# 
    79  0003                     	;# 
    80  0004                     	;# 
    81  0005                     	;# 
    82  0006                     	;# 
    83  0028                     _RA0	set	40
    84                           
    85                           	psect	cinit
    86  001                     start_initialization:	
    87                           ; #config settings
    88                           
    89  001                     __initialization:	
    90  001                     end_of_initialization:	
    91                           ;End of C runtime variable initialization code
    92                           
    93  001                     __end_of__initialization:	
    94  001  064                	clrf	4
    95  002  BD2                	ljmp	_main	;jump to C main() function
    96                           
    97                           	psect	cstackCOMMON
    98  000                     __pcstackCOMMON:	
    99  000                     ??_ConfigureOscillator:	
   100  000                     ??_InitApp:	
   101                           ; 1 bytes @ 0x0
   102                           
   103  000                     ??_main:	
   104                           ; 1 bytes @ 0x0
   105                           
   106                           
   107                           	psect	cstackBANK0
   108  007                     __pcstackBANK0:	
   109                           ; 1 bytes @ 0x0
   110                           
   111  007                     ?_ConfigureOscillator:	
   112  007                     ?_InitApp:	
   113                           ; 1 bytes @ 0x0
   114                           
   115  007                     ?_delay:	
   116                           ; 1 bytes @ 0x0
   117                           
   118  007                     ?_main:	
   119                           ; 1 bytes @ 0x0
   120                           
   121  007                     delay@n:	
   122                           ; 1 bytes @ 0x0
   123                           
   124                           
   125                           ; 2 bytes @ 0x0
   126  007                     	ds	2
   127  009                     ??_delay:	
   128                           
   129                           ; 1 bytes @ 0x2
   130  009                     	ds	1
   131  00A                     delay@i:	
   132                           
   133                           ; 2 bytes @ 0x3
   134  00A                     	ds	2
   135                           
   136                           	psect	maintext
   137  1D2                     __pmaintext:	
   138 ;;
   139 ;;Main: autosize = 0, tempsize = 0, incstack = 0, save=0
   140 ;;
   141 ;; *************** function _main *****************
   142 ;; Defined at:
   143 ;;		line 33 in file "main.c"
   144 ;; Parameters:    Size  Location     Type
   145 ;;		None
   146 ;; Auto vars:     Size  Location     Type
   147 ;;		None
   148 ;; Return value:  Size  Location     Type
   149 ;;                  1   16[None  ] void 
   150 ;; Registers used:
   151 ;;		wreg, fsr0l, fsr0h, status,2, status,0, btemp+0, btemp+1, btemp+2, btemp+3, pclath, cstack
   152 ;; Tracked objects:
   153 ;;		On entry : B00/0
   154 ;;		On exit  : 0/0
   155 ;;		Unchanged: 0/0
   156 ;; Data sizes:     COMMON   BANK0
   157 ;;      Params:         0       0
   158 ;;      Locals:         0       0
   159 ;;      Temps:          0       0
   160 ;;      Totals:         0       0
   161 ;;Total ram usage:        0 bytes
   162 ;; Hardware stack levels required when called:    1
   163 ;; This function calls:
   164 ;;		_ConfigureOscillator
   165 ;;		_InitApp
   166 ;;		_delay
   167 ;; This function is called by:
   168 ;;		Startup code after reset
   169 ;; This function uses a non-reentrant model
   170 ;;
   171                           
   172                           
   173                           ;psect for function _main
   174  1D2                     _main:	
   175                           
   176                           ;main.c: 36: ConfigureOscillator();
   177                           
   178                           ;incstack = 0
   179                           ; Regs used in _main: [wreg-fsr0h+status,2-btemp+3+pclath+cstack]
   180  1D2  905                	fcall	entry__ConfigureOscillator
   181                           
   182                           ;main.c: 39: InitApp();
   183  1D3  904                	fcall	entry__InitApp
   184  1D4                     l424:	
   185                           ;main.c: 41: while(1)
   186                           
   187                           
   188                           ;main.c: 42: {
   189                           ;main.c: 44: RA0 = 1;
   190  1D4  505                	bsf	5,0	;volatile
   191                           
   192                           ;main.c: 46: delay(100);
   193  1D5  C64                	movlw	100
   194  1D6  027                	movwf	delay@n
   195  1D7  C00                	movlw	0
   196  1D8  028                	movwf	delay@n+1
   197  1D9  903                	fcall	entry__delay
   198                           
   199                           ;main.c: 48: RA0 = 0;
   200  1DA  405                	bcf	5,0	;volatile
   201  1DB                     clrwtd:	
   202                           
   203                           ;# 
   204  1DB  BD4                	goto	l424
   205  1DC                     __end_of_main:	
   206                           
   207                           	psect	text1
   208  1DC                     __ptext1:	
   209 ;; *************** function _delay *****************
   210 ;; Defined at:
   211 ;;		line 23 in file "main.c"
   212 ;; Parameters:    Size  Location     Type
   213 ;;  n               2    0[BANK0 ] int 
   214 ;; Auto vars:     Size  Location     Type
   215 ;;  i               2    3[BANK0 ] int 
   216 ;; Return value:  Size  Location     Type
   217 ;;                  1    0[BANK0 ] void 
   218 ;; Registers used:
   219 ;;		wreg, fsr0l, fsr0h, status,2, btemp+0, btemp+1, btemp+2, btemp+3
   220 ;; Tracked objects:
   221 ;;		On entry : 0/0
   222 ;;		On exit  : 0/0
   223 ;;		Unchanged: 0/0
   224 ;; Data sizes:     COMMON   BANK0
   225 ;;      Params:         0       2
   226 ;;      Locals:         0       2
   227 ;;      Temps:          0       1
   228 ;;      Totals:         0       5
   229 ;;Total ram usage:        5 bytes
   230 ;; Hardware stack levels used:    1
   231 ;; This function calls:
   232 ;;		Nothing
   233 ;; This function is called by:
   234 ;;		_main
   235 ;; This function uses a non-reentrant model
   236 ;;
   237                           
   238                           
   239                           ;psect for function _delay
   240  1DC                     _delay:	
   241                           
   242                           ;main.c: 25: int i = 0;
   243  1DC  06A                	clrf	delay@i
   244  1DD  06B                	clrf	delay@i+1
   245                           
   246                           ;main.c: 26: for(i = 0; i < n; i++){
   247  1DE  06A                	clrf	delay@i
   248  1DF  06B                	clrf	delay@i+1
   249  1E0                     l420:	
   250  1E0  208                	movf	delay@n+1,w
   251  1E1  03D                	movwf	29
   252  1E2  207                	movf	delay@n,w
   253  1E3  03C                	movwf	28
   254  1E4  20B                	movf	delay@i+1,w
   255  1E5  03F                	movwf	31
   256  1E6  20A                	movf	delay@i,w
   257  1E7  03E                	movwf	30
   258  1E8  21F                	movf	31,w
   259  1E9  F80                	xorlw	128
   260  1EA  029                	movwf	??_delay
   261  1EB  21D                	movf	29,w
   262  1EC  F80                	xorlw	128
   263  1ED  089                	subwf	??_delay,w
   264  1EE  743                	skipz
   265  1EF  BF2                	goto	u25
   266  1F0  21C                	movf	28,w
   267  1F1  09E                	subwf	30,w
   268  1F2                     u25:	
   269  1F2  603                	btfsc	3,0
   270  1F3  800                	retlw	0
   271  1F4  000                	nop	;# 
   272  1F5  C01                	movlw	1
   273  1F6  03C                	movwf	28
   274  1F7  07D                	clrf	29
   275  1F8  21C                	movf	28,w
   276  1F9  1EA                	addwf	delay@i,f
   277  1FA  603                	skipnc
   278  1FB  2AB                	incf	delay@i+1,f
   279  1FC  21D                	movf	29,w
   280  1FD  1EB                	addwf	delay@i+1,f
   281  1FE  BE0                	goto	l420
   282  1FF                     __end_of_delay:	
   283                           
   284                           	psect	jmp_tab
   285  003                     __pjmp_tab:	
   286                           ;incstack = 0
   287                           ; Regs used in _delay: [wreg-fsr0h+status,2+btemp+0-btemp+3]
   288                           
   289  003                     entry__delay:	
   290  003  BDC                	ljmp	_delay
   291  004                     entry__InitApp:	
   292                           ;incstack = 0
   293                           ; Regs used in _InitApp: [wreg]
   294                           
   295  004  BD1                	ljmp	_InitApp
   296  005                     entry__ConfigureOscillator:	
   297                           ;incstack = 0
   298                           ; Regs used in _ConfigureOscillator: [wreg]
   299                           
   300  005  BD0                	ljmp	_ConfigureOscillator
   301                           
   302                           	psect	text2
   303  1D1                     __ptext2:	
   304 ;; *************** function _InitApp *****************
   305 ;; Defined at:
   306 ;;		line 22 in file "user.c"
   307 ;; Parameters:    Size  Location     Type
   308 ;;		None
   309 ;; Auto vars:     Size  Location     Type
   310 ;;		None
   311 ;; Return value:  Size  Location     Type
   312 ;;                  1    4[None  ] void 
   313 ;; Registers used:
   314 ;;		wreg
   315 ;; Tracked objects:
   316 ;;		On entry : 0/0
   317 ;;		On exit  : 0/0
   318 ;;		Unchanged: 0/0
   319 ;; Data sizes:     COMMON   BANK0
   320 ;;      Params:         0       0
   321 ;;      Locals:         0       0
   322 ;;      Temps:          0       0
   323 ;;      Totals:         0       0
   324 ;;Total ram usage:        0 bytes
   325 ;; Hardware stack levels used:    1
   326 ;; This function calls:
   327 ;;		Nothing
   328 ;; This function is called by:
   329 ;;		_main
   330 ;; This function uses a non-reentrant model
   331 ;;
   332                           
   333                           
   334                           ;psect for function _InitApp
   335  1D1                     _InitApp:	
   336  1D1  800                	retlw	0
   337  1D2                     __end_of_InitApp:	
   338                           
   339                           	psect	text3
   340  1D0                     __ptext3:	
   341 ;; *************** function _ConfigureOscillator *****************
   342 ;; Defined at:
   343 ;;		line 18 in file "system.c"
   344 ;; Parameters:    Size  Location     Type
   345 ;;		None
   346 ;; Auto vars:     Size  Location     Type
   347 ;;		None
   348 ;; Return value:  Size  Location     Type
   349 ;;                  1    2[None  ] void 
   350 ;; Registers used:
   351 ;;		wreg
   352 ;; Tracked objects:
   353 ;;		On entry : 0/0
   354 ;;		On exit  : 0/0
   355 ;;		Unchanged: 0/0
   356 ;; Data sizes:     COMMON   BANK0
   357 ;;      Params:         0       0
   358 ;;      Locals:         0       0
   359 ;;      Temps:          0       0
   360 ;;      Totals:         0       0
   361 ;;Total ram usage:        0 bytes
   362 ;; Hardware stack levels used:    1
   363 ;; This function calls:
   364 ;;		Nothing
   365 ;; This function is called by:
   366 ;;		_main
   367 ;; This function uses a non-reentrant model
   368 ;;
   369                           
   370                           
   371                           ;psect for function _ConfigureOscillator
   372  1D0                     _ConfigureOscillator:	
   373  1D0  800                	retlw	0
   374  1D1                     __end_of_ConfigureOscillator:	
   375  001C                     btemp	set	28	;btemp
   376  001C                     wtemp0	set	28
   377  001E                     wtemp1	set	30
   378  001C                     ttemp0	set	28
   379  001C                     ltemp0	set	28


Data Sizes:
    Strings     0
    Constant    0
    Data        0
    BSS         0
    Persistent  0
    Stack       0

Auto Spaces:
    Space          Size  Autos    Used
    COMMON            0      0       0
    BANK0            23      5       5

Pointer List with Targets:

    None.

Critical Paths under _main in COMMON

    None.

Critical Paths under _main in BANK0

    _main->_delay

Call Graph Tables:

 ---------------------------------------------------------------------------------
 (Depth) Function   	        Calls       Base Space   Used Autos Params    Refs
 ---------------------------------------------------------------------------------
 (0) _main                                                 0     0      0      90
                _ConfigureOscillator
                            _InitApp
                              _delay
 ---------------------------------------------------------------------------------
 (1) _delay                                                5     3      2      90
                                              0 BANK0      5     3      2
 ---------------------------------------------------------------------------------
 (1) _InitApp                                              0     0      0       0
 ---------------------------------------------------------------------------------
 (1) _ConfigureOscillator                                  0     0      0       0
 ---------------------------------------------------------------------------------
 Estimated maximum stack depth 1
 ---------------------------------------------------------------------------------

 Call Graph Graphs:

 _main (ROOT)
   _ConfigureOscillator
   _InitApp
   _delay

 Address spaces:
Name               Size   Autos  Total    Cost      Usage
BITCOMMON            0      0       0       0        0.0%
NULL                 0      0       0       0        0.0%
CODE                 0      0       0       0        0.0%
BITSFR0              0      0       0       1        0.0%
SFR0                 0      0       0       1        0.0%
COMMON               0      0       0       1        0.0%
STACK                0      0       0       2        0.0%
BANK0               17      5       5       3       21.7%
ABS                  0      0       0       4        0.0%
BITBANK0            17      0       0       5        0.0%
DATA                 0      0       0       6        0.0%


Microchip Technology PIC Macro Assembler V1.43 build -156212558 
Symbol Table                                                                                   Mon Aug 28 10:23:01 2017

                          u25 01F2                            fsr 0004                           l420 01E0  
                         l424 01D4                           _RA0 0028                          _main 01D2  
                        btemp 001C                          start 0000               __end_of_InitApp 01D2  
                       ?_main 0007           _ConfigureOscillator 01D0                         _delay 01DC  
                       clrwtd 01DB                         ltemp0 001C                         ttemp0 001C  
                       wtemp0 001C                         wtemp1 001E          ?_ConfigureOscillator 0007  
             __initialization 0001                  __end_of_main 01DC                        ??_main 0000  
                      ?_delay 0007                     ??_InitApp 0000         ??_ConfigureOscillator 0000  
                 entry__delay 0003                        delay@i 000A                        delay@n 0007  
     __end_of__initialization 0001                __pcstackCOMMON 0000                 __end_of_delay 01FF  
                     ??_delay 0009                    __pmaintext 01D2                       _InitApp 01D1  
                     __ptext1 01DC                       __ptext2 01D1                       __ptext3 01D0  
        end_of_initialization 0001   __end_of_ConfigureOscillator 01D1           start_initialization 0001  
                   ___latbits 0000                 __pcstackBANK0 0007                      ?_InitApp 0007  
                   __pjmp_tab 0003                __size_of_delay 0023     entry__ConfigureOscillator 0005  
            __size_of_InitApp 0001                 entry__InitApp 0004                 __size_of_main 000A  
__size_of_ConfigureOscillator 0001  
