c:\myapp\反汇编\piccnv\piccnv\release\piccnv.pch
c:\myapp\反汇编\piccnv\piccnv\release\vc142.pdb
c:\myapp\反汇编\piccnv\piccnv\release\stdafx.obj
c:\myapp\反汇编\piccnv\piccnv\release\regfile.obj
c:\myapp\反汇编\piccnv\piccnv\release\piccnv.obj
c:\myapp\反汇编\piccnv\piccnv\release\lstitem.obj
c:\myapp\反汇编\piccnv\piccnv\release\code_tbl_pic.obj
c:\myapp\反汇编\piccnv\piccnv\release\code_tbl_emc.obj
c:\myapp\反汇编\piccnv\piccnv\release\code_tbl_atw.obj
c:\myapp\反汇编\piccnv\release\piccnv.exe
c:\myapp\反汇编\piccnv\release\piccnv.pdb
c:\myapp\反汇编\piccnv\release\piccnv.ipdb
c:\myapp\反汇编\piccnv\release\piccnv.iobj
c:\myapp\反汇编\piccnv\piccnv\release\piccnv.tlog\cl.command.1.tlog
c:\myapp\反汇编\piccnv\piccnv\release\piccnv.tlog\cl.read.1.tlog
c:\myapp\反汇编\piccnv\piccnv\release\piccnv.tlog\cl.write.1.tlog
c:\myapp\反汇编\piccnv\piccnv\release\piccnv.tlog\link.command.1.tlog
c:\myapp\反汇编\piccnv\piccnv\release\piccnv.tlog\link.read.1.tlog
c:\myapp\反汇编\piccnv\piccnv\release\piccnv.tlog\link.write.1.tlog
c:\myapp\反汇编\piccnv\piccnv\release\piccnv.tlog\piccnv.write.1u.tlog
